  Ellipse.cpp
C:\Users\admin\source\repos\main\main\Shape.h(18,17): error C3646: getName: неизвестный спецификатор переопределения
  (компиляция исходного файла "Ellipse.cpp")
  
C:\Users\admin\source\repos\main\main\Shape.h(18,25): error C2059: синтаксическая ошибка: )
  (компиляция исходного файла "Ellipse.cpp")
  
C:\Users\admin\source\repos\main\main\Shape.h(18,36): error C2238: непредвиденные лексемы перед ";"
  (компиляция исходного файла "Ellipse.cpp")
  
C:\Users\admin\source\repos\main\main\Ellipse.h(34,9): error C3668: Ellipse::getName: метод со спецификатором переопределения "override" не переопределяет какие-либо методы базового класса
  (компиляция исходного файла "Ellipse.cpp")
  
C:\Users\admin\source\repos\main\main\Ellipse.h(18,60): warning C4244: аргумент: преобразование "double" в "int", возможна потеря данных
  (компиляция исходного файла "Ellipse.cpp")
  
C:\Users\admin\source\repos\main\main\Ellipse.h(18,57): warning C4244: аргумент: преобразование "double" в "int", возможна потеря данных
  (компиляция исходного файла "Ellipse.cpp")
  
C:\Users\admin\source\repos\main\main\Ellipse.h(20,46): warning C4244: аргумент: преобразование "double" в "int", возможна потеря данных
  (компиляция исходного файла "Ellipse.cpp")
  
C:\Users\admin\source\repos\main\main\Ellipse.h(20,60): warning C4244: аргумент: преобразование "double" в "int", возможна потеря данных
  (компиляция исходного файла "Ellipse.cpp")
  
C:\Users\admin\source\repos\main\main\Ellipse.cpp(12,78): warning C4244: аргумент: преобразование "double" в "int", возможна потеря данных
C:\Users\admin\source\repos\main\main\Ellipse.cpp(12,62): warning C4244: аргумент: преобразование "double" в "int", возможна потеря данных
C:\Users\admin\source\repos\main\main\Ellipse.cpp(21,24): warning C4244: аргумент: преобразование "double" в "int", возможна потеря данных
C:\Users\admin\source\repos\main\main\Ellipse.cpp(22,24): warning C4244: аргумент: преобразование "double" в "int", возможна потеря данных
